<?xml version="1.0" encoding="UTF-8"?>
<!-- Generated by org.testng.reporters.JUnitXMLReporter -->
<testsuite ignored="0" hostname="LTIN230999" failures="0" tests="9" name="ChromeTest" time="117.576" errors="0" timestamp="2024-02-11T14:34:33 IST">
  <testcase classname="testCases.TC_001_finddoctors" name="test_practohomepage" time="2.317"/>
  <testcase classname="testCases.TC_001_finddoctors" name="test_doctorspage" time="27.148"/>
  <testcase classname="testCases.TC_002_surgeries" name="test_surgeriespage" time="1.15"/>
  <testcase classname="testCases.TC_002_surgeries" name="test_popsurgeries" time="4.867"/>
  <testcase classname="testCases.TC_002_surgeries" name="test_getsurgeriespage" time="38.964"/>
  <testcase classname="testCases.TC_003_healthandwellness" name="test_details" time="8.605"/>
  <testcase classname="testCases.TC_003_healthandwellness" name="test_invaliddetails" time="2.034"/>
  <testcase classname="testCases.TC_003_healthandwellness" name="test_validdetails" time="1.252"/>
  <testcase classname="testCases.TC_003_healthandwellness" name="test_validatethankyou" time="10.053"/>
</testsuite> <!-- ChromeTest -->
