<?xml version="1.0" encoding="UTF-8"?>
<!-- Generated by org.testng.reporters.JUnitXMLReporter -->
<testsuite ignored="0" hostname="LTIN230999" failures="0" tests="9" name="ChromeTest" time="117.482" errors="0" timestamp="2024-02-16T00:02:12 IST">
  <testcase classname="testCases.TC_001_finddoctors" name="test_practohomepage" time="2.739"/>
  <testcase classname="testCases.TC_001_finddoctors" name="test_doctorspage" time="29.136"/>
  <testcase classname="testCases.TC_002_surgeries" name="test_surgeriespage" time="1.629"/>
  <testcase classname="testCases.TC_002_surgeries" name="test_popsurgeries" time="5.083"/>
  <testcase classname="testCases.TC_002_surgeries" name="test_getsurgeriespage" time="37.854"/>
  <testcase classname="testCases.TC_003_healthandwellness" name="test_details" time="10.355"/>
  <testcase classname="testCases.TC_003_healthandwellness" name="test_invaliddetails" time="1.327"/>
  <testcase classname="testCases.TC_003_healthandwellness" name="test_validdetails" time="1.378"/>
  <testcase classname="testCases.TC_003_healthandwellness" name="test_validatethankyou" time="10.047"/>
</testsuite> <!-- ChromeTest -->
