<?xml version="1.0" encoding="UTF-8"?>
<!-- Generated by org.testng.reporters.JUnitXMLReporter -->
<testsuite ignored="0" hostname="LTIN230999" failures="0" tests="9" name="EdgeTest" time="112.781" errors="0" timestamp="2024-02-16T00:04:11 IST">
  <testcase classname="testCases.TC_001_finddoctors" name="test_practohomepage" time="2.502"/>
  <testcase classname="testCases.TC_001_finddoctors" name="test_doctorspage" time="24.68"/>
  <testcase classname="testCases.TC_002_surgeries" name="test_surgeriespage" time="1.514"/>
  <testcase classname="testCases.TC_002_surgeries" name="test_popsurgeries" time="3.488"/>
  <testcase classname="testCases.TC_002_surgeries" name="test_getsurgeriespage" time="38.313"/>
  <testcase classname="testCases.TC_003_healthandwellness" name="test_details" time="11.202"/>
  <testcase classname="testCases.TC_003_healthandwellness" name="test_invaliddetails" time="2.071"/>
  <testcase classname="testCases.TC_003_healthandwellness" name="test_validdetails" time="1.463"/>
  <testcase classname="testCases.TC_003_healthandwellness" name="test_validatethankyou" time="10.069"/>
</testsuite> <!-- EdgeTest -->
