<?xml version="1.0" encoding="UTF-8"?>
<!-- Generated by org.testng.reporters.JUnitXMLReporter -->
<testsuite ignored="0" hostname="LTIN230999" failures="0" tests="9" name="Test" time="314.185" errors="0" timestamp="2024-02-19T12:58:14 IST">
  <testcase classname="testCases.TC_001_finddoctors" name="test_practohomepage" time="60.519"/>
  <testcase classname="testCases.TC_001_finddoctors" name="test_doctorspage" time="113.023"/>
  <testcase classname="testCases.TC_002_surgeries" name="test_surgeriespage" time="3.131"/>
  <testcase classname="testCases.TC_002_surgeries" name="test_popsurgeries" time="4.607"/>
  <testcase classname="testCases.TC_002_surgeries" name="test_getsurgeriespage" time="35.3"/>
  <testcase classname="testCases.TC_003_healthandwellness" name="test_details" time="39.192"/>
  <testcase classname="testCases.TC_003_healthandwellness" name="test_invaliddetails" time="0.945"/>
  <testcase classname="testCases.TC_003_healthandwellness" name="test_validdetails" time="0.98"/>
  <testcase classname="testCases.TC_003_healthandwellness" name="test_validatethankyou" time="11.623"/>
</testsuite> <!-- Test -->
