<?xml version="1.0" encoding="UTF-8"?>
<!-- Generated by org.testng.reporters.JUnitXMLReporter -->
<testsuite ignored="0" hostname="LTIN230999" failures="0" tests="9" name="Test" time="318.933" errors="0" timestamp="2024-02-15T11:46:02 IST">
  <testcase classname="testCases.TC_001_finddoctors" name="test_practohomepage" time="61.436"/>
  <testcase classname="testCases.TC_001_finddoctors" name="test_doctorspage" time="93.237"/>
  <testcase classname="testCases.TC_002_surgeries" name="test_surgeriespage" time="5.286"/>
  <testcase classname="testCases.TC_002_surgeries" name="test_popsurgeries" time="9.21"/>
  <testcase classname="testCases.TC_002_surgeries" name="test_getsurgeriespage" time="39.114"/>
  <testcase classname="testCases.TC_003_healthandwellness" name="test_details" time="45.715"/>
  <testcase classname="testCases.TC_003_healthandwellness" name="test_invaliddetails" time="1.786"/>
  <testcase classname="testCases.TC_003_healthandwellness" name="test_validdetails" time="1.731"/>
  <testcase classname="testCases.TC_003_healthandwellness" name="test_validatethankyou" time="10.065"/>
</testsuite> <!-- Test -->
