<?xml version="1.0" encoding="UTF-8"?>
<!-- Generated by org.testng.reporters.JUnitXMLReporter -->
<testsuite ignored="0" hostname="LTIN230999" failures="0" tests="9" name="Test" time="170.823" errors="0" timestamp="2024-02-11T14:43:27 IST">
  <testcase classname="testCases.TC_001_finddoctors" name="test_practohomepage" time="4.424"/>
  <testcase classname="testCases.TC_001_finddoctors" name="test_doctorspage" time="29.484"/>
  <testcase classname="testCases.TC_002_surgeries" name="test_surgeriespage" time="1.541"/>
  <testcase classname="testCases.TC_002_surgeries" name="test_popsurgeries" time="13.49"/>
  <testcase classname="testCases.TC_002_surgeries" name="test_getsurgeriespage" time="75.308"/>
  <testcase classname="testCases.TC_003_healthandwellness" name="test_details" time="9.2"/>
  <testcase classname="testCases.TC_003_healthandwellness" name="test_invaliddetails" time="1.778"/>
  <testcase classname="testCases.TC_003_healthandwellness" name="test_validdetails" time="1.764"/>
  <testcase classname="testCases.TC_003_healthandwellness" name="test_validatethankyou" time="10.057"/>
</testsuite> <!-- Test -->
