<?xml version="1.0" encoding="UTF-8"?>
<testng-results ignored="0" total="9" passed="9" failed="0" skipped="0">
  <reporter-output>
  </reporter-output>
  <suite started-at="2024-02-11T14:40:24 IST" name="Suite" finished-at="2024-02-11T14:43:14 IST" duration-ms="170823">
    <groups>
      <group name="regression">
        <method signature="TC_002_surgeries.test_surgeriespage()[pri:1, instance:testCases.TC_003_healthandwellness@3e27aa33]" name="test_surgeriespage" class="testCases.TC_002_surgeries"/>
        <method signature="TC_003_healthandwellness.test_details()[pri:4, instance:testCases.TC_003_healthandwellness@3e27aa33]" name="test_details" class="testCases.TC_003_healthandwellness"/>
      </group> <!-- regression -->
      <group name="regression ">
        <method signature="TC_001_finddoctors.test_practohomepage()[pri:-1, instance:testCases.TC_003_healthandwellness@3e27aa33]" name="test_practohomepage" class="testCases.TC_001_finddoctors"/>
      </group> <!-- regression  -->
      <group name="sanity">
        <method signature="TC_001_finddoctors.test_doctorspage()[pri:0, instance:testCases.TC_003_healthandwellness@3e27aa33]" name="test_doctorspage" class="testCases.TC_001_finddoctors"/>
        <method signature="TC_002_surgeries.test_popsurgeries()[pri:2, instance:testCases.TC_003_healthandwellness@3e27aa33]" name="test_popsurgeries" class="testCases.TC_002_surgeries"/>
        <method signature="TC_002_surgeries.test_getsurgeriespage()[pri:3, instance:testCases.TC_003_healthandwellness@3e27aa33]" name="test_getsurgeriespage" class="testCases.TC_002_surgeries"/>
        <method signature="TC_003_healthandwellness.test_invaliddetails()[pri:5, instance:testCases.TC_003_healthandwellness@3e27aa33]" name="test_invaliddetails" class="testCases.TC_003_healthandwellness"/>
        <method signature="TC_003_healthandwellness.test_validdetails()[pri:6, instance:testCases.TC_003_healthandwellness@3e27aa33]" name="test_validdetails" class="testCases.TC_003_healthandwellness"/>
        <method signature="TC_003_healthandwellness.test_validatethankyou()[pri:7, instance:testCases.TC_003_healthandwellness@3e27aa33]" name="test_validatethankyou" class="testCases.TC_003_healthandwellness"/>
      </group> <!-- sanity -->
      <group name="master">
        <method signature="TC_001_finddoctors.test_practohomepage()[pri:-1, instance:testCases.TC_003_healthandwellness@3e27aa33]" name="test_practohomepage" class="testCases.TC_001_finddoctors"/>
        <method signature="TC_001_finddoctors.test_doctorspage()[pri:0, instance:testCases.TC_003_healthandwellness@3e27aa33]" name="test_doctorspage" class="testCases.TC_001_finddoctors"/>
        <method signature="TC_002_surgeries.test_surgeriespage()[pri:1, instance:testCases.TC_003_healthandwellness@3e27aa33]" name="test_surgeriespage" class="testCases.TC_002_surgeries"/>
        <method signature="TC_002_surgeries.test_popsurgeries()[pri:2, instance:testCases.TC_003_healthandwellness@3e27aa33]" name="test_popsurgeries" class="testCases.TC_002_surgeries"/>
        <method signature="TC_002_surgeries.test_getsurgeriespage()[pri:3, instance:testCases.TC_003_healthandwellness@3e27aa33]" name="test_getsurgeriespage" class="testCases.TC_002_surgeries"/>
        <method signature="TC_003_healthandwellness.test_details()[pri:4, instance:testCases.TC_003_healthandwellness@3e27aa33]" name="test_details" class="testCases.TC_003_healthandwellness"/>
        <method signature="TC_003_healthandwellness.test_invaliddetails()[pri:5, instance:testCases.TC_003_healthandwellness@3e27aa33]" name="test_invaliddetails" class="testCases.TC_003_healthandwellness"/>
        <method signature="TC_003_healthandwellness.test_validdetails()[pri:6, instance:testCases.TC_003_healthandwellness@3e27aa33]" name="test_validdetails" class="testCases.TC_003_healthandwellness"/>
        <method signature="TC_003_healthandwellness.test_validatethankyou()[pri:7, instance:testCases.TC_003_healthandwellness@3e27aa33]" name="test_validatethankyou" class="testCases.TC_003_healthandwellness"/>
      </group> <!-- master -->
    </groups>
    <test started-at="2024-02-11T14:40:24 IST" name="Test" finished-at="2024-02-11T14:43:14 IST" duration-ms="170823">
      <class name="testCases.TC_003_healthandwellness">
        <test-method is-config="true" signature="setup(java.lang.String,java.lang.String)[pri:0, instance:testCases.TC_003_healthandwellness@3e27aa33]" started-at="2024-02-11T14:40:24 IST" name="setup" finished-at="2024-02-11T14:40:38 IST" duration-ms="13300" status="PASS">
          <params>
            <param index="0">
              <value>
                <![CDATA[Windows]]>
              </value>
            </param>
            <param index="1">
              <value>
                <![CDATA[edge]]>
              </value>
            </param>
          </params>
          <reporter-output>
          </reporter-output>
        </test-method> <!-- setup -->
        <test-method signature="test_practohomepage()[pri:-1, instance:testCases.TC_003_healthandwellness@3e27aa33]" started-at="2024-02-11T14:40:38 IST" name="test_practohomepage" finished-at="2024-02-11T14:40:42 IST" duration-ms="4424" status="PASS">
          <reporter-output>
          </reporter-output>
        </test-method> <!-- test_practohomepage -->
        <test-method signature="test_doctorspage()[pri:0, instance:testCases.TC_003_healthandwellness@3e27aa33]" started-at="2024-02-11T14:40:43 IST" name="test_doctorspage" finished-at="2024-02-11T14:41:12 IST" duration-ms="29484" status="PASS">
          <reporter-output>
          </reporter-output>
        </test-method> <!-- test_doctorspage -->
        <test-method signature="test_surgeriespage()[pri:1, instance:testCases.TC_003_healthandwellness@3e27aa33]" started-at="2024-02-11T14:41:13 IST" name="test_surgeriespage" finished-at="2024-02-11T14:41:15 IST" duration-ms="1541" status="PASS">
          <reporter-output>
          </reporter-output>
        </test-method> <!-- test_surgeriespage -->
        <test-method signature="test_popsurgeries()[pri:2, instance:testCases.TC_003_healthandwellness@3e27aa33]" started-at="2024-02-11T14:41:15 IST" name="test_popsurgeries" finished-at="2024-02-11T14:41:29 IST" duration-ms="13490" status="PASS">
          <reporter-output>
          </reporter-output>
        </test-method> <!-- test_popsurgeries -->
        <test-method signature="test_getsurgeriespage()[pri:3, instance:testCases.TC_003_healthandwellness@3e27aa33]" started-at="2024-02-11T14:41:29 IST" name="test_getsurgeriespage" finished-at="2024-02-11T14:42:45 IST" duration-ms="75308" status="PASS">
          <reporter-output>
          </reporter-output>
        </test-method> <!-- test_getsurgeriespage -->
        <test-method signature="test_details()[pri:4, instance:testCases.TC_003_healthandwellness@3e27aa33]" started-at="2024-02-11T14:42:45 IST" name="test_details" finished-at="2024-02-11T14:42:55 IST" duration-ms="9200" status="PASS">
          <reporter-output>
          </reporter-output>
        </test-method> <!-- test_details -->
        <test-method signature="test_invaliddetails()[pri:5, instance:testCases.TC_003_healthandwellness@3e27aa33]" started-at="2024-02-11T14:42:55 IST" name="test_invaliddetails" finished-at="2024-02-11T14:42:57 IST" duration-ms="1778" status="PASS">
          <reporter-output>
          </reporter-output>
        </test-method> <!-- test_invaliddetails -->
        <test-method signature="test_validdetails()[pri:6, instance:testCases.TC_003_healthandwellness@3e27aa33]" started-at="2024-02-11T14:42:58 IST" name="test_validdetails" finished-at="2024-02-11T14:43:00 IST" duration-ms="1764" status="PASS">
          <reporter-output>
          </reporter-output>
        </test-method> <!-- test_validdetails -->
        <test-method signature="test_validatethankyou()[pri:7, instance:testCases.TC_003_healthandwellness@3e27aa33]" started-at="2024-02-11T14:43:00 IST" name="test_validatethankyou" finished-at="2024-02-11T14:43:10 IST" duration-ms="10057" status="PASS">
          <reporter-output>
          </reporter-output>
        </test-method> <!-- test_validatethankyou -->
        <test-method is-config="true" signature="tearDown()[pri:0, instance:testCases.TC_003_healthandwellness@3e27aa33]" started-at="2024-02-11T14:43:11 IST" name="tearDown" finished-at="2024-02-11T14:43:14 IST" duration-ms="3698" status="PASS">
          <reporter-output>
          </reporter-output>
        </test-method> <!-- tearDown -->
      </class> <!-- testCases.TC_003_healthandwellness -->
    </test> <!-- Test -->
  </suite> <!-- Suite -->
</testng-results>
