<?xml version="1.0" encoding="UTF-8"?>
<testsuite xmlns:xsi="http://www.w3.org/2001/XMLSchema-instance" xsi:noNamespaceSchemaLocation="https://maven.apache.org/surefire/maven-surefire-plugin/xsd/surefire-test-report-3.0.xsd" version="3.0" name="TestSuite" time="185.07" tests="9" errors="0" skipped="0" failures="0">
  <properties>
[...]
</properties>
  <testcase name="test_practohomepage" classname="testCases.TC_003_healthandwellness" time="5.341">
    <system-err><![CDATA[SLF4J: No SLF4J providers were found.
SLF4J: Defaulting to no-operation (NOP) logger implementation
SLF4J: See https://www.slf4j.org/codes.html#noProviders for further details.
Feb 11, 2024 2:40:34 PM org.openqa.selenium.devtools.CdpVersionFinder findNearestMatch
WARNING: Unable to find an exact match for CDP version 121, returning the closest version; found: 119; Please update to a Selenium version that supports CDP version 121
]]></system-err>
  </testcase>
  <testcase name="test_doctorspage" classname="testCases.TC_003_healthandwellness" time="29.999">
    <system-out><![CDATA[The top5 dentists are:
---------------------
Dr. K.A. Mohan
Dr. (Col) M. C. Sharma
Dr. Sanjay Mohanchandra
Dr. Girish Rao
Dr. Sharon Colaco Dias

]]></system-out>
  </testcase>
  <testcase name="test_surgeriespage" classname="testCases.TC_003_healthandwellness" time="2.384"/>
  <testcase name="test_popsurgeries" classname="testCases.TC_003_healthandwellness" time="14.108">
    <system-out><![CDATA[Top popular surgeries are:
---------------------------
Piles
Hernia Treatment
Kidney Stone
Cataract
Circumcision
Lasik
Varicose Veins
Gallstone
Anal Fistula
Gynaecomastia
Anal Fissure
Lipoma Removal
Sebaceous cyst
Pilonidal Sinus
Lump in Breast
TURP
Hydrocele
Knee Replacement
Hair Transplant

]]></system-out>
  </testcase>
  <testcase name="test_getsurgeriespage" classname="testCases.TC_003_healthandwellness" time="76.012">
    <system-out><![CDATA[General Surgery
9 ailments
------------------
Gallstone
Hernia Treatment
Lipoma Removal
Circumcision
Varicose Veins
Sebaceous cyst
Varicocele
Hydrocele
Appendectomy

Proctology
5 ailments
------------------
Anal Fissure
Anal Fistula
Piles
Pilonidal Sinus
Perianal Abscess

Ophthamology
4 ailments
------------------
Cataract
Lasik
Glaucoma
Squinteye

Urology
12 ailments
------------------
Kidney Stone
Renal cyst
Urethroplasty
TURP
Cystolitholapaxy
Kidney Biopsy
CRRT
Ureteroscopy
Percutaneous Nephrolithotomy(PCNL)
Dialysis
ESWL
Lithotripsy

Cosmetic
6 ailments
------------------
Rhinoplasty
Breast Reduction/ Augmentation
Breast Lift
Liposuction
Gynaecomastia
Lump in Breast

Orthopedics
8 ailments
------------------
Knee Replacement
Arthroscopy
Carpal Tunnel Syndrome
Lumbar Laminectomy
ACL Repair
Microdiscectomy
Knee Arthroscopy
Shoulder Arthroscopy

Cosmetic
12 ailments
------------------
Rhinoplasty
Breast Reduction/ Augmentation
Breast Lift
Liposuction
Gynaecomastia
Lump in Breast

]]></system-out>
  </testcase>
  <testcase name="test_details" classname="testCases.TC_003_healthandwellness" time="9.874"/>
  <testcase name="test_invaliddetails" classname="testCases.TC_003_healthandwellness" time="2.407"/>
  <testcase name="test_validdetails" classname="testCases.TC_003_healthandwellness" time="2.505"/>
  <testcase name="test_validatethankyou" classname="testCases.TC_003_healthandwellness" time="10.43">
    <system-out><![CDATA[Thankyou is displayed
]]></system-out>
  </testcase>
</testsuite>