<?xml version="1.0" encoding="UTF-8"?>
<testng-results ignored="0" total="9" passed="9" failed="0" skipped="0">
  <reporter-output>
  </reporter-output>
  <suite started-at="2024-02-15T11:40:34 IST" name="Suite" finished-at="2024-02-15T11:45:53 IST" duration-ms="318933">
    <groups>
      <group name="regression">
        <method signature="TC_002_surgeries.test_surgeriespage()[pri:1, instance:testCases.TC_003_healthandwellness@5524cca1]" name="test_surgeriespage" class="testCases.TC_002_surgeries"/>
        <method signature="TC_003_healthandwellness.test_details()[pri:4, instance:testCases.TC_003_healthandwellness@5524cca1]" name="test_details" class="testCases.TC_003_healthandwellness"/>
      </group> <!-- regression -->
      <group name="regression ">
        <method signature="TC_001_finddoctors.test_practohomepage()[pri:-1, instance:testCases.TC_003_healthandwellness@5524cca1]" name="test_practohomepage" class="testCases.TC_001_finddoctors"/>
      </group> <!-- regression  -->
      <group name="sanity">
        <method signature="TC_001_finddoctors.test_doctorspage()[pri:0, instance:testCases.TC_003_healthandwellness@5524cca1]" name="test_doctorspage" class="testCases.TC_001_finddoctors"/>
        <method signature="TC_002_surgeries.test_popsurgeries()[pri:2, instance:testCases.TC_003_healthandwellness@5524cca1]" name="test_popsurgeries" class="testCases.TC_002_surgeries"/>
        <method signature="TC_002_surgeries.test_getsurgeriespage()[pri:3, instance:testCases.TC_003_healthandwellness@5524cca1]" name="test_getsurgeriespage" class="testCases.TC_002_surgeries"/>
        <method signature="TC_003_healthandwellness.test_invaliddetails()[pri:5, instance:testCases.TC_003_healthandwellness@5524cca1]" name="test_invaliddetails" class="testCases.TC_003_healthandwellness"/>
        <method signature="TC_003_healthandwellness.test_validdetails()[pri:6, instance:testCases.TC_003_healthandwellness@5524cca1]" name="test_validdetails" class="testCases.TC_003_healthandwellness"/>
        <method signature="TC_003_healthandwellness.test_validatethankyou()[pri:7, instance:testCases.TC_003_healthandwellness@5524cca1]" name="test_validatethankyou" class="testCases.TC_003_healthandwellness"/>
      </group> <!-- sanity -->
      <group name="master">
        <method signature="TC_001_finddoctors.test_practohomepage()[pri:-1, instance:testCases.TC_003_healthandwellness@5524cca1]" name="test_practohomepage" class="testCases.TC_001_finddoctors"/>
        <method signature="TC_001_finddoctors.test_doctorspage()[pri:0, instance:testCases.TC_003_healthandwellness@5524cca1]" name="test_doctorspage" class="testCases.TC_001_finddoctors"/>
        <method signature="TC_002_surgeries.test_surgeriespage()[pri:1, instance:testCases.TC_003_healthandwellness@5524cca1]" name="test_surgeriespage" class="testCases.TC_002_surgeries"/>
        <method signature="TC_002_surgeries.test_popsurgeries()[pri:2, instance:testCases.TC_003_healthandwellness@5524cca1]" name="test_popsurgeries" class="testCases.TC_002_surgeries"/>
        <method signature="TC_002_surgeries.test_getsurgeriespage()[pri:3, instance:testCases.TC_003_healthandwellness@5524cca1]" name="test_getsurgeriespage" class="testCases.TC_002_surgeries"/>
        <method signature="TC_003_healthandwellness.test_details()[pri:4, instance:testCases.TC_003_healthandwellness@5524cca1]" name="test_details" class="testCases.TC_003_healthandwellness"/>
        <method signature="TC_003_healthandwellness.test_invaliddetails()[pri:5, instance:testCases.TC_003_healthandwellness@5524cca1]" name="test_invaliddetails" class="testCases.TC_003_healthandwellness"/>
        <method signature="TC_003_healthandwellness.test_validdetails()[pri:6, instance:testCases.TC_003_healthandwellness@5524cca1]" name="test_validdetails" class="testCases.TC_003_healthandwellness"/>
        <method signature="TC_003_healthandwellness.test_validatethankyou()[pri:7, instance:testCases.TC_003_healthandwellness@5524cca1]" name="test_validatethankyou" class="testCases.TC_003_healthandwellness"/>
      </group> <!-- master -->
    </groups>
    <test started-at="2024-02-15T11:40:34 IST" name="Test" finished-at="2024-02-15T11:45:53 IST" duration-ms="318933">
      <class name="testCases.TC_003_healthandwellness">
        <test-method is-config="true" signature="setup(java.lang.String,java.lang.String)[pri:0, instance:testCases.TC_003_healthandwellness@5524cca1]" started-at="2024-02-15T11:40:34 IST" name="setup" finished-at="2024-02-15T11:41:19 IST" duration-ms="44587" status="PASS">
          <params>
            <param index="0">
              <value>
                <![CDATA[Windows]]>
              </value>
            </param>
            <param index="1">
              <value>
                <![CDATA[edge]]>
              </value>
            </param>
          </params>
          <reporter-output>
          </reporter-output>
        </test-method> <!-- setup -->
        <test-method signature="test_practohomepage()[pri:-1, instance:testCases.TC_003_healthandwellness@5524cca1]" started-at="2024-02-15T11:41:19 IST" name="test_practohomepage" finished-at="2024-02-15T11:42:20 IST" duration-ms="61436" status="PASS">
          <reporter-output>
          </reporter-output>
        </test-method> <!-- test_practohomepage -->
        <test-method signature="test_doctorspage()[pri:0, instance:testCases.TC_003_healthandwellness@5524cca1]" started-at="2024-02-15T11:42:21 IST" name="test_doctorspage" finished-at="2024-02-15T11:43:54 IST" duration-ms="93237" status="PASS">
          <reporter-output>
          </reporter-output>
        </test-method> <!-- test_doctorspage -->
        <test-method signature="test_surgeriespage()[pri:1, instance:testCases.TC_003_healthandwellness@5524cca1]" started-at="2024-02-15T11:43:55 IST" name="test_surgeriespage" finished-at="2024-02-15T11:44:00 IST" duration-ms="5286" status="PASS">
          <reporter-output>
          </reporter-output>
        </test-method> <!-- test_surgeriespage -->
        <test-method signature="test_popsurgeries()[pri:2, instance:testCases.TC_003_healthandwellness@5524cca1]" started-at="2024-02-15T11:44:01 IST" name="test_popsurgeries" finished-at="2024-02-15T11:44:10 IST" duration-ms="9210" status="PASS">
          <reporter-output>
          </reporter-output>
        </test-method> <!-- test_popsurgeries -->
        <test-method signature="test_getsurgeriespage()[pri:3, instance:testCases.TC_003_healthandwellness@5524cca1]" started-at="2024-02-15T11:44:10 IST" name="test_getsurgeriespage" finished-at="2024-02-15T11:44:49 IST" duration-ms="39114" status="PASS">
          <reporter-output>
          </reporter-output>
        </test-method> <!-- test_getsurgeriespage -->
        <test-method signature="test_details()[pri:4, instance:testCases.TC_003_healthandwellness@5524cca1]" started-at="2024-02-15T11:44:50 IST" name="test_details" finished-at="2024-02-15T11:45:36 IST" duration-ms="45715" status="PASS">
          <reporter-output>
          </reporter-output>
        </test-method> <!-- test_details -->
        <test-method signature="test_invaliddetails()[pri:5, instance:testCases.TC_003_healthandwellness@5524cca1]" started-at="2024-02-15T11:45:36 IST" name="test_invaliddetails" finished-at="2024-02-15T11:45:38 IST" duration-ms="1786" status="PASS">
          <reporter-output>
          </reporter-output>
        </test-method> <!-- test_invaliddetails -->
        <test-method signature="test_validdetails()[pri:6, instance:testCases.TC_003_healthandwellness@5524cca1]" started-at="2024-02-15T11:45:39 IST" name="test_validdetails" finished-at="2024-02-15T11:45:40 IST" duration-ms="1731" status="PASS">
          <reporter-output>
          </reporter-output>
        </test-method> <!-- test_validdetails -->
        <test-method signature="test_validatethankyou()[pri:7, instance:testCases.TC_003_healthandwellness@5524cca1]" started-at="2024-02-15T11:45:41 IST" name="test_validatethankyou" finished-at="2024-02-15T11:45:51 IST" duration-ms="10065" status="PASS">
          <reporter-output>
          </reporter-output>
        </test-method> <!-- test_validatethankyou -->
        <test-method is-config="true" signature="tearDown()[pri:0, instance:testCases.TC_003_healthandwellness@5524cca1]" started-at="2024-02-15T11:45:51 IST" name="tearDown" finished-at="2024-02-15T11:45:53 IST" duration-ms="1392" status="PASS">
          <reporter-output>
          </reporter-output>
        </test-method> <!-- tearDown -->
      </class> <!-- testCases.TC_003_healthandwellness -->
    </test> <!-- Test -->
  </suite> <!-- Suite -->
</testng-results>
